[2026-01-07 20:28:44,336: INFO: main: welcome to our logging]
[2026-01-08 19:18:44,610: INFO: common: yaml file: config/config.yaml loaded successfully]
[2026-01-08 19:18:44,724: INFO: common: yaml file: params.yaml loaded successfully]
[2026-01-08 19:19:23,437: INFO: common: yaml file: config/config.yaml loaded successfully]
[2026-01-08 19:19:23,449: INFO: common: yaml file: params.yaml loaded successfully]
[2026-01-08 19:19:23,456: INFO: common: yaml file: schema.yaml loaded successfully]
[2026-01-08 19:19:23,459: INFO: common: created directory at: artifacts]
[2026-01-08 19:19:23,466: INFO: common: created directory at: artifacts/data_ingestion]
[2026-01-08 19:19:24,365: INFO: 2826074349: artifacts/data_ingestion/data.zip download! with following info: 
Date: Thu, 08 Jan 2026 19:19:24 GMT
Content-Type: text/html; charset=utf-8
Vary: X-PJAX, X-PJAX-Container, Turbo-Visit, Turbo-Frame, X-Requested-With,Accept-Encoding, Accept, X-Requested-With
x-repository-download: git clone https://github.com/nsk20/datasets.git
x-raw-download: https://raw.githubusercontent.com/nsk20/datasets/9e654a4ce0f2f8017067c2cc3df0ced80998d71f/winequality-data.zip
ETag: W/"e17e8a08fa62b668b2e8cf198255cbd3"
Cache-Control: max-age=0, private, must-revalidate
Strict-Transport-Security: max-age=31536000; includeSubdomains; preload
X-Frame-Options: deny
X-Content-Type-Options: nosniff
X-XSS-Protection: 0
Referrer-Policy: no-referrer-when-downgrade
Content-Security-Policy: default-src 'none'; base-uri 'self'; child-src github.githubassets.com github.com/assets-cdn/worker/ github.com/assets/ gist.github.com/assets-cdn/worker/; connect-src 'self' uploads.github.com www.githubstatus.com collector.github.com raw.githubusercontent.com api.github.com github-cloud.s3.amazonaws.com github-production-repository-file-5c1aeb.s3.amazonaws.com github-production-upload-manifest-file-7fdce7.s3.amazonaws.com github-production-user-asset-6210df.s3.amazonaws.com *.rel.tunnels.api.visualstudio.com wss://*.rel.tunnels.api.visualstudio.com github.githubassets.com objects-origin.githubusercontent.com copilot-proxy.githubusercontent.com proxy.individual.githubcopilot.com proxy.business.githubcopilot.com proxy.enterprise.githubcopilot.com *.actions.githubusercontent.com wss://*.actions.githubusercontent.com productionresultssa0.blob.core.windows.net/ productionresultssa1.blob.core.windows.net/ productionresultssa2.blob.core.windows.net/ productionresultssa3.blob.core.windows.net/ productionresultssa4.blob.core.windows.net/ productionresultssa5.blob.core.windows.net/ productionresultssa6.blob.core.windows.net/ productionresultssa7.blob.core.windows.net/ productionresultssa8.blob.core.windows.net/ productionresultssa9.blob.core.windows.net/ productionresultssa10.blob.core.windows.net/ productionresultssa11.blob.core.windows.net/ productionresultssa12.blob.core.windows.net/ productionresultssa13.blob.core.windows.net/ productionresultssa14.blob.core.windows.net/ productionresultssa15.blob.core.windows.net/ productionresultssa16.blob.core.windows.net/ productionresultssa17.blob.core.windows.net/ productionresultssa18.blob.core.windows.net/ productionresultssa19.blob.core.windows.net/ github-production-repository-image-32fea6.s3.amazonaws.com github-production-release-asset-2e65be.s3.amazonaws.com insights.github.com wss://alive.github.com wss://alive-staging.github.com api.githubcopilot.com api.individual.githubcopilot.com api.business.githubcopilot.com api.enterprise.githubcopilot.com; font-src github.githubassets.com; form-action 'self' github.com gist.github.com copilot-workspace.githubnext.com objects-origin.githubusercontent.com; frame-ancestors 'none'; frame-src viewscreen.githubusercontent.com notebooks.githubusercontent.com; img-src 'self' data: blob: github.githubassets.com media.githubusercontent.com camo.githubusercontent.com identicons.github.com avatars.githubusercontent.com private-avatars.githubusercontent.com github-cloud.s3.amazonaws.com objects.githubusercontent.com release-assets.githubusercontent.com secured-user-images.githubusercontent.com/ user-images.githubusercontent.com/ private-user-images.githubusercontent.com opengraph.githubassets.com marketplace-screenshots.githubusercontent.com/ copilotprodattachments.blob.core.windows.net/github-production-copilot-attachments/ github-production-user-asset-6210df.s3.amazonaws.com customer-stories-feed.github.com spotlights-feed.github.com objects-origin.githubusercontent.com *.githubusercontent.com; manifest-src 'self'; media-src github.com user-images.githubusercontent.com/ secured-user-images.githubusercontent.com/ private-user-images.githubusercontent.com github-production-user-asset-6210df.s3.amazonaws.com gist.github.com github.githubassets.com; script-src github.githubassets.com; style-src 'unsafe-inline' github.githubassets.com; upgrade-insecure-requests; worker-src github.githubassets.com github.com/assets-cdn/worker/ github.com/assets/ gist.github.com/assets-cdn/worker/
Server: github.com
Accept-Ranges: bytes
Set-Cookie: _gh_sess=lxoj%2FdqSv7%2BFDK%2BWx46z6vGICY15K15CN2AT8PjYRzjJmcBVsmcp4Kp20xdSSmyaXEpA36nRIXK54s%2Bcgbv8Lp6OHH8PmdgRq4GRUQgONkvebKUK91uRXtxuwnd2ZOo0%2FLB2tjxhqmYuWJew9uF9WWVlxuqV0F2qX8ipQYgVqilgxE87Jkq%2BCA%2BoZLlWyqStx4AJvUR4WO1MME3z3gW75jqoZq%2BzyiMYL%2BSWekXQGqPJF7CrhhqNKXrp%2FNDSDVua56BpgQOMHl%2BdNnNisb8vMg%3D%3D--NpfNknkD46j7BjPx--R42auhQM8tpXxs%2FSTGhQsA%3D%3D; Path=/; HttpOnly; Secure; SameSite=Lax
Set-Cookie: _octo=GH1.1.1306617727.1767899963; Path=/; Domain=github.com; Expires=Fri, 08 Jan 2027 19:19:23 GMT; Secure; SameSite=Lax
Set-Cookie: logged_in=no; Path=/; Domain=github.com; Expires=Fri, 08 Jan 2027 19:19:23 GMT; HttpOnly; Secure; SameSite=Lax
X-GitHub-Request-Id: 7100:31FC56:FB3537:157BB7A:6960033B
connection: close
Transfer-Encoding: chunked

]
[2026-01-08 19:51:56,066: INFO: common: yaml file: config/config.yaml loaded successfully]
[2026-01-08 19:51:56,070: INFO: common: yaml file: params.yaml loaded successfully]
[2026-01-08 19:51:56,073: INFO: common: yaml file: schema.yaml loaded successfully]
[2026-01-08 19:51:56,075: INFO: common: created directory at: artifacts]
[2026-01-08 19:51:56,076: INFO: common: created directory at: artifacts/data_ingestion]
[2026-01-08 19:51:56,078: INFO: 2826074349: File already exists]
[2026-01-08 19:52:20,186: INFO: common: yaml file: config/config.yaml loaded successfully]
[2026-01-08 19:52:20,190: INFO: common: yaml file: params.yaml loaded successfully]
[2026-01-08 19:52:20,198: INFO: common: yaml file: schema.yaml loaded successfully]
[2026-01-08 19:52:20,205: INFO: common: created directory at: artifacts]
[2026-01-08 19:52:20,209: INFO: common: created directory at: artifacts/data_ingestion]
[2026-01-08 19:52:44,279: INFO: common: yaml file: config/config.yaml loaded successfully]
[2026-01-08 19:52:44,282: INFO: common: yaml file: params.yaml loaded successfully]
[2026-01-08 19:52:44,290: INFO: common: yaml file: schema.yaml loaded successfully]
[2026-01-08 19:52:44,293: INFO: common: created directory at: artifacts]
[2026-01-08 19:52:44,297: INFO: common: created directory at: artifacts/data_ingestion]
[2026-01-08 20:08:48,165: INFO: common: yaml file: config/config.yaml loaded successfully]
[2026-01-08 20:08:48,173: INFO: common: yaml file: params.yaml loaded successfully]
[2026-01-08 20:08:48,178: INFO: common: yaml file: schema.yaml loaded successfully]
[2026-01-08 20:08:48,182: INFO: common: created directory at: artifacts]
[2026-01-08 20:08:48,187: INFO: common: created directory at: artifacts/data_ingestion]
[2026-01-08 20:10:22,629: INFO: common: yaml file: config/config.yaml loaded successfully]
[2026-01-08 20:10:22,638: INFO: common: yaml file: params.yaml loaded successfully]
[2026-01-08 20:10:22,641: INFO: common: yaml file: schema.yaml loaded successfully]
[2026-01-08 20:10:22,644: INFO: common: created directory at: artifacts]
[2026-01-08 20:10:22,646: INFO: common: created directory at: artifacts/data_ingestion]
[2026-01-08 20:11:58,079: INFO: common: yaml file: config/config.yaml loaded successfully]
[2026-01-08 20:11:58,084: INFO: common: yaml file: params.yaml loaded successfully]
[2026-01-08 20:11:58,086: INFO: common: yaml file: schema.yaml loaded successfully]
[2026-01-08 20:11:58,089: INFO: common: created directory at: artifacts]
[2026-01-08 20:11:58,091: INFO: common: created directory at: artifacts/data_ingestion]
[2026-01-08 20:11:58,285: INFO: 2826074349: artifacts/data_ingestion/data.zip download! with following info: 
Connection: close
Content-Length: 23329
Cache-Control: max-age=300
Content-Security-Policy: default-src 'none'; style-src 'unsafe-inline'; sandbox
Content-Type: application/zip
ETag: "c69888a4ae59bc5a893392785a938ccd4937981c06ba8a9d6a21aa52b4ab5b6e"
Strict-Transport-Security: max-age=31536000
X-Content-Type-Options: nosniff
X-Frame-Options: deny
X-XSS-Protection: 1; mode=block
X-GitHub-Request-Id: 567E:145FF0:5BE8D4:6EB673:69600F8C
Accept-Ranges: bytes
Date: Thu, 08 Jan 2026 20:11:58 GMT
Via: 1.1 varnish
X-Served-By: cache-iad-kiad7000134-IAD
X-Cache: MISS
X-Cache-Hits: 0
X-Timer: S1767903118.211527,VS0,VE45
Vary: Authorization,Accept-Encoding
Access-Control-Allow-Origin: *
Cross-Origin-Resource-Policy: cross-origin
X-Fastly-Request-ID: b2930acd2c88a558f2f7eb9fd0596d3b20370fed
Expires: Thu, 08 Jan 2026 20:16:58 GMT
Source-Age: 0

]
[2026-01-08 20:41:11,248: INFO: main: >>>>>stage Data Ingestion Stage started <<<<<<]
[2026-01-08 20:41:11,251: INFO: common: yaml file: config/config.yaml loaded successfully]
[2026-01-08 20:41:11,253: INFO: common: yaml file: params.yaml loaded successfully]
[2026-01-08 20:41:11,254: INFO: common: yaml file: schema.yaml loaded successfully]
[2026-01-08 20:41:11,254: INFO: common: created directory at: artifacts]
[2026-01-08 20:41:11,255: INFO: common: created directory at: artifacts/data_ingestion]
[2026-01-08 20:41:11,353: INFO: data_ingestion: artifacts/data_ingestion/data.zip download! with following info: 
Connection: close
Content-Length: 23329
Cache-Control: max-age=300
Content-Security-Policy: default-src 'none'; style-src 'unsafe-inline'; sandbox
Content-Type: application/zip
ETag: "c69888a4ae59bc5a893392785a938ccd4937981c06ba8a9d6a21aa52b4ab5b6e"
Strict-Transport-Security: max-age=31536000
X-Content-Type-Options: nosniff
X-Frame-Options: deny
X-XSS-Protection: 1; mode=block
X-GitHub-Request-Id: 567E:145FF0:5BE8D4:6EB673:69600F8C
Accept-Ranges: bytes
Date: Thu, 08 Jan 2026 20:41:11 GMT
Via: 1.1 varnish
X-Served-By: cache-iad-kiad7000134-IAD
X-Cache: HIT
X-Cache-Hits: 0
X-Timer: S1767904871.328304,VS0,VE18
Vary: Authorization,Accept-Encoding
Access-Control-Allow-Origin: *
Cross-Origin-Resource-Policy: cross-origin
X-Fastly-Request-ID: 23e9962eab68c1f1afe2b187af1874e518af97e8
Expires: Thu, 08 Jan 2026 20:46:11 GMT
Source-Age: 0

]
[2026-01-08 20:41:11,356: INFO: main: >>>>>stage Data Ingestion Stage completed <<<<<<

x==========x]
[2026-01-10 23:10:52,223: INFO: common: yaml file: config/config.yaml loaded successfully]
[2026-01-10 23:10:52,285: INFO: common: yaml file: params.yaml loaded successfully]
[2026-01-10 23:16:13,008: INFO: common: yaml file: config/config.yaml loaded successfully]
[2026-01-10 23:16:13,013: INFO: common: yaml file: params.yaml loaded successfully]
[2026-01-10 23:16:13,021: INFO: common: yaml file: schema.yaml loaded successfully]
[2026-01-10 23:16:13,025: INFO: common: created directory at: artifacts]
[2026-01-10 23:16:13,029: INFO: common: created directory at: artifacts/data_validation]
[2026-01-10 23:17:28,668: INFO: common: yaml file: config/config.yaml loaded successfully]
[2026-01-10 23:17:28,672: INFO: common: yaml file: params.yaml loaded successfully]
[2026-01-10 23:17:28,680: INFO: common: yaml file: schema.yaml loaded successfully]
[2026-01-10 23:17:28,684: INFO: common: created directory at: artifacts]
[2026-01-10 23:17:28,685: INFO: common: created directory at: artifacts/data_validation]
[2026-01-10 23:17:49,285: INFO: common: yaml file: config/config.yaml loaded successfully]
[2026-01-10 23:17:49,289: INFO: common: yaml file: params.yaml loaded successfully]
[2026-01-10 23:17:49,305: INFO: common: yaml file: schema.yaml loaded successfully]
[2026-01-10 23:17:49,309: INFO: common: created directory at: artifacts]
[2026-01-10 23:17:49,314: INFO: common: created directory at: artifacts/data_validation]
[2026-01-10 23:23:06,353: INFO: common: yaml file: config/config.yaml loaded successfully]
[2026-01-10 23:23:06,375: INFO: common: yaml file: params.yaml loaded successfully]
[2026-01-10 23:23:06,383: INFO: common: yaml file: schema.yaml loaded successfully]
[2026-01-10 23:23:06,390: INFO: common: created directory at: artifacts]
[2026-01-10 23:23:06,396: INFO: common: created directory at: artifacts/data_validation]
[2026-01-10 23:23:37,629: INFO: common: yaml file: config/config.yaml loaded successfully]
[2026-01-10 23:23:37,636: INFO: common: yaml file: params.yaml loaded successfully]
[2026-01-10 23:23:37,649: INFO: common: yaml file: schema.yaml loaded successfully]
[2026-01-10 23:23:37,653: INFO: common: created directory at: artifacts]
[2026-01-10 23:23:37,657: INFO: common: created directory at: artifacts/data_validation]
[2026-01-10 23:47:18,521: INFO: main: >>>>>stage Data Ingestion Stage started <<<<<<]
[2026-01-10 23:47:18,525: INFO: common: yaml file: config/config.yaml loaded successfully]
[2026-01-10 23:47:18,527: INFO: common: yaml file: params.yaml loaded successfully]
[2026-01-10 23:47:18,531: INFO: common: yaml file: schema.yaml loaded successfully]
[2026-01-10 23:47:18,532: INFO: common: created directory at: artifacts]
[2026-01-10 23:47:18,532: INFO: common: created directory at: artifacts/data_ingestion]
[2026-01-10 23:47:18,532: INFO: data_ingestion: File already exists]
[2026-01-10 23:47:18,600: INFO: main: >>>>>stage Data Ingestion Stage completed <<<<<<

x==========x]
[2026-01-10 23:47:18,601: INFO: main: >>>>>stage Data Validation Stage started <<<<<<]
[2026-01-10 23:47:18,610: INFO: common: yaml file: config/config.yaml loaded successfully]
[2026-01-10 23:47:18,612: INFO: common: yaml file: params.yaml loaded successfully]
[2026-01-10 23:47:18,625: INFO: common: yaml file: schema.yaml loaded successfully]
[2026-01-10 23:47:18,628: INFO: common: created directory at: artifacts]
[2026-01-10 23:47:18,630: INFO: common: created directory at: artifacts/data_validation]
[2026-01-10 23:47:18,630: ERROR: main: DataValidationConfig.__init__() got an unexpected keyword argument 'unzip_data_dir']
Traceback (most recent call last):
  File "/home/user/datascienceproject/main.py", line 20, in <module>
    data_ingestion.initiate_data_validation()
  File "/home/user/datascienceproject/src/datascienceproject/pipeline/data_validation_pipeline.py", line 13, in initiate_data_validation
    data_validation_config = config.get_data_validation_config()
  File "/home/user/datascienceproject/src/datascienceproject/config/configuration.py", line 35, in get_data_validation_config
    data_validation_config = DataValidationConfig(
TypeError: DataValidationConfig.__init__() got an unexpected keyword argument 'unzip_data_dir'
[2026-01-10 23:48:07,543: INFO: main: >>>>>stage Data Ingestion Stage started <<<<<<]
[2026-01-10 23:48:07,548: INFO: common: yaml file: config/config.yaml loaded successfully]
[2026-01-10 23:48:07,549: INFO: common: yaml file: params.yaml loaded successfully]
[2026-01-10 23:48:07,554: INFO: common: yaml file: schema.yaml loaded successfully]
[2026-01-10 23:48:07,555: INFO: common: created directory at: artifacts]
[2026-01-10 23:48:07,555: INFO: common: created directory at: artifacts/data_ingestion]
[2026-01-10 23:48:07,556: INFO: data_ingestion: File already exists]
[2026-01-10 23:48:07,560: INFO: main: >>>>>stage Data Ingestion Stage completed <<<<<<

x==========x]
[2026-01-10 23:48:07,561: INFO: main: >>>>>stage Data Validation Stage started <<<<<<]
[2026-01-10 23:48:07,565: INFO: common: yaml file: config/config.yaml loaded successfully]
[2026-01-10 23:48:07,567: INFO: common: yaml file: params.yaml loaded successfully]
[2026-01-10 23:48:07,572: INFO: common: yaml file: schema.yaml loaded successfully]
[2026-01-10 23:48:07,573: INFO: common: created directory at: artifacts]
[2026-01-10 23:48:07,574: INFO: common: created directory at: artifacts/data_validation]
[2026-01-10 23:48:07,574: ERROR: main: DataValidationConfig.__init__() got an unexpected keyword argument 'unzip_data_dir']
Traceback (most recent call last):
  File "/home/user/datascienceproject/main.py", line 20, in <module>
    data_ingestion.initiate_data_validation()
  File "/home/user/datascienceproject/src/datascienceproject/pipeline/data_validation_pipeline.py", line 13, in initiate_data_validation
    data_validation_config = config.get_data_validation_config()
  File "/home/user/datascienceproject/src/datascienceproject/config/configuration.py", line 35, in get_data_validation_config
    data_validation_config = DataValidationConfig(
TypeError: DataValidationConfig.__init__() got an unexpected keyword argument 'unzip_data_dir'
[2026-01-10 23:49:20,296: INFO: main: >>>>>stage Data Ingestion Stage started <<<<<<]
[2026-01-10 23:49:20,302: INFO: common: yaml file: config/config.yaml loaded successfully]
[2026-01-10 23:49:20,303: INFO: common: yaml file: params.yaml loaded successfully]
[2026-01-10 23:49:20,308: INFO: common: yaml file: schema.yaml loaded successfully]
[2026-01-10 23:49:20,309: INFO: common: created directory at: artifacts]
[2026-01-10 23:49:20,309: INFO: common: created directory at: artifacts/data_ingestion]
[2026-01-10 23:49:20,309: INFO: data_ingestion: File already exists]
[2026-01-10 23:49:20,313: INFO: main: >>>>>stage Data Ingestion Stage completed <<<<<<

x==========x]
[2026-01-10 23:49:20,313: INFO: main: >>>>>stage Data Validation Stage started <<<<<<]
[2026-01-10 23:49:20,317: INFO: common: yaml file: config/config.yaml loaded successfully]
[2026-01-10 23:49:20,318: INFO: common: yaml file: params.yaml loaded successfully]
[2026-01-10 23:49:20,323: INFO: common: yaml file: schema.yaml loaded successfully]
[2026-01-10 23:49:20,324: INFO: common: created directory at: artifacts]
[2026-01-10 23:49:20,324: INFO: common: created directory at: artifacts/data_validation]
[2026-01-10 23:49:20,359: INFO: main: >>>>>stage Data Validation Stage completed <<<<<<

x==========x]
[2026-01-12 01:11:01,899: ERROR: zmqstream: Uncaught exception in ZMQStream callback]
Traceback (most recent call last):
  File "/home/user/datascienceproject/venv/lib/python3.10/site-packages/zmq/eventloop/zmqstream.py", line 565, in _log_error
    f.result()
  File "/home/user/datascienceproject/venv/lib/python3.10/site-packages/ipykernel/kernelbase.py", line 577, in shell_channel_thread_main
    _, msg2 = self.session.feed_identities(msg, copy=False)
  File "/home/user/datascienceproject/venv/lib/python3.10/site-packages/jupyter_client/session.py", line 993, in feed_identities
    raise ValueError(msg)
ValueError: DELIM not in msg_list
[2026-01-12 01:11:01,908: ERROR: zmqstream: Uncaught exception in ZMQStream callback]
Traceback (most recent call last):
  File "/home/user/datascienceproject/venv/lib/python3.10/site-packages/zmq/eventloop/zmqstream.py", line 565, in _log_error
    f.result()
  File "/home/user/datascienceproject/venv/lib/python3.10/site-packages/ipykernel/kernelbase.py", line 577, in shell_channel_thread_main
    _, msg2 = self.session.feed_identities(msg, copy=False)
  File "/home/user/datascienceproject/venv/lib/python3.10/site-packages/jupyter_client/session.py", line 993, in feed_identities
    raise ValueError(msg)
ValueError: DELIM not in msg_list
[2026-01-12 01:11:01,915: ERROR: zmqstream: Uncaught exception in ZMQStream callback]
Traceback (most recent call last):
  File "/home/user/datascienceproject/venv/lib/python3.10/site-packages/zmq/eventloop/zmqstream.py", line 565, in _log_error
    f.result()
  File "/home/user/datascienceproject/venv/lib/python3.10/site-packages/ipykernel/kernelbase.py", line 577, in shell_channel_thread_main
    _, msg2 = self.session.feed_identities(msg, copy=False)
  File "/home/user/datascienceproject/venv/lib/python3.10/site-packages/jupyter_client/session.py", line 993, in feed_identities
    raise ValueError(msg)
ValueError: DELIM not in msg_list
[2026-01-12 01:11:01,920: ERROR: zmqstream: Uncaught exception in ZMQStream callback]
Traceback (most recent call last):
  File "/home/user/datascienceproject/venv/lib/python3.10/site-packages/zmq/eventloop/zmqstream.py", line 565, in _log_error
    f.result()
  File "/home/user/datascienceproject/venv/lib/python3.10/site-packages/ipykernel/kernelbase.py", line 577, in shell_channel_thread_main
    _, msg2 = self.session.feed_identities(msg, copy=False)
  File "/home/user/datascienceproject/venv/lib/python3.10/site-packages/jupyter_client/session.py", line 993, in feed_identities
    raise ValueError(msg)
ValueError: DELIM not in msg_list
[2026-01-12 01:11:01,925: ERROR: zmqstream: Uncaught exception in ZMQStream callback]
Traceback (most recent call last):
  File "/home/user/datascienceproject/venv/lib/python3.10/site-packages/zmq/eventloop/zmqstream.py", line 565, in _log_error
    f.result()
  File "/home/user/datascienceproject/venv/lib/python3.10/site-packages/ipykernel/kernelbase.py", line 577, in shell_channel_thread_main
    _, msg2 = self.session.feed_identities(msg, copy=False)
  File "/home/user/datascienceproject/venv/lib/python3.10/site-packages/jupyter_client/session.py", line 993, in feed_identities
    raise ValueError(msg)
ValueError: DELIM not in msg_list
[2026-01-12 01:30:57,562: INFO: common: yaml file: config/config.yaml loaded successfully]
[2026-01-12 01:30:57,688: INFO: common: yaml file: params.yaml loaded successfully]
[2026-01-12 01:30:57,728: INFO: common: yaml file: schema.yaml loaded successfully]
[2026-01-12 01:30:57,735: INFO: common: created directory at: artifacts]
[2026-01-12 01:30:57,740: INFO: common: created directory at: artifacts/data_transformation]
[2026-01-12 01:30:58,210: INFO: 4094097333: Splited data into training and test sets]
[2026-01-12 01:30:58,213: INFO: 4094097333: (1199, 12)]
[2026-01-12 01:30:58,218: INFO: 4094097333: (400, 12)]
[2026-01-12 02:09:49,598: INFO: main: >>>>>stage Data Ingestion Stage started <<<<<<]
[2026-01-12 02:09:49,603: INFO: common: yaml file: config/config.yaml loaded successfully]
[2026-01-12 02:09:49,604: INFO: common: yaml file: params.yaml loaded successfully]
[2026-01-12 02:09:49,608: INFO: common: yaml file: schema.yaml loaded successfully]
[2026-01-12 02:09:49,609: INFO: common: created directory at: artifacts]
[2026-01-12 02:09:49,609: INFO: common: created directory at: artifacts/data_ingestion]
[2026-01-12 02:09:49,609: INFO: data_ingestion: File already exists]
[2026-01-12 02:09:49,688: INFO: main: >>>>>stage Data Ingestion Stage completed <<<<<<

x==========x]
[2026-01-12 02:09:49,688: INFO: main: >>>>>stage Data Validation Stage started <<<<<<]
[2026-01-12 02:09:49,693: INFO: common: yaml file: config/config.yaml loaded successfully]
[2026-01-12 02:09:49,695: INFO: common: yaml file: params.yaml loaded successfully]
[2026-01-12 02:09:49,705: INFO: common: yaml file: schema.yaml loaded successfully]
[2026-01-12 02:09:49,707: INFO: common: created directory at: artifacts]
[2026-01-12 02:09:49,708: INFO: common: created directory at: artifacts/data_validation]
[2026-01-12 02:09:49,740: INFO: main: >>>>>stage Data Validation Stage completed <<<<<<

x==========x]
[2026-01-12 02:09:49,740: INFO: main: >>>>>stage Data Transformation Stage started <<<<<<]
[2026-01-12 02:09:49,740: INFO: main: >>>>>stage Data Transformation Stage completed <<<<<<

x==========x]
[2026-01-12 02:10:21,979: INFO: main: >>>>>stage Data Ingestion Stage started <<<<<<]
[2026-01-12 02:10:21,983: INFO: common: yaml file: config/config.yaml loaded successfully]
[2026-01-12 02:10:21,984: INFO: common: yaml file: params.yaml loaded successfully]
[2026-01-12 02:10:21,988: INFO: common: yaml file: schema.yaml loaded successfully]
[2026-01-12 02:10:21,989: INFO: common: created directory at: artifacts]
[2026-01-12 02:10:21,989: INFO: common: created directory at: artifacts/data_ingestion]
[2026-01-12 02:10:21,989: INFO: data_ingestion: File already exists]
[2026-01-12 02:10:21,993: INFO: main: >>>>>stage Data Ingestion Stage completed <<<<<<

x==========x]
[2026-01-12 02:10:21,993: INFO: main: >>>>>stage Data Validation Stage started <<<<<<]
[2026-01-12 02:10:22,006: INFO: common: yaml file: config/config.yaml loaded successfully]
[2026-01-12 02:10:22,007: INFO: common: yaml file: params.yaml loaded successfully]
[2026-01-12 02:10:22,013: INFO: common: yaml file: schema.yaml loaded successfully]
[2026-01-12 02:10:22,014: INFO: common: created directory at: artifacts]
[2026-01-12 02:10:22,014: INFO: common: created directory at: artifacts/data_validation]
[2026-01-12 02:10:22,039: INFO: main: >>>>>stage Data Validation Stage completed <<<<<<

x==========x]
[2026-01-12 02:10:22,039: INFO: main: >>>>>stage Data Transformation Stage started <<<<<<]
[2026-01-12 02:10:22,039: INFO: main: >>>>>stage Data Transformation Stage completed <<<<<<

x==========x]
[2026-01-12 02:10:52,659: INFO: main: >>>>>stage Data Ingestion Stage started <<<<<<]
[2026-01-12 02:10:52,664: INFO: common: yaml file: config/config.yaml loaded successfully]
[2026-01-12 02:10:52,665: INFO: common: yaml file: params.yaml loaded successfully]
[2026-01-12 02:10:52,670: INFO: common: yaml file: schema.yaml loaded successfully]
[2026-01-12 02:10:52,671: INFO: common: created directory at: artifacts]
[2026-01-12 02:10:52,671: INFO: common: created directory at: artifacts/data_ingestion]
[2026-01-12 02:10:52,671: INFO: data_ingestion: File already exists]
[2026-01-12 02:10:52,674: INFO: main: >>>>>stage Data Ingestion Stage completed <<<<<<

x==========x]
[2026-01-12 02:10:52,675: INFO: main: >>>>>stage Data Validation Stage started <<<<<<]
[2026-01-12 02:10:52,680: INFO: common: yaml file: config/config.yaml loaded successfully]
[2026-01-12 02:10:52,682: INFO: common: yaml file: params.yaml loaded successfully]
[2026-01-12 02:10:52,686: INFO: common: yaml file: schema.yaml loaded successfully]
[2026-01-12 02:10:52,687: INFO: common: created directory at: artifacts]
[2026-01-12 02:10:52,687: INFO: common: created directory at: artifacts/data_validation]
[2026-01-12 02:10:52,710: INFO: main: >>>>>stage Data Validation Stage completed <<<<<<

x==========x]
[2026-01-12 02:10:52,711: INFO: main: >>>>>stage Data Transformation Stage started <<<<<<]
[2026-01-12 02:10:52,716: INFO: common: yaml file: config/config.yaml loaded successfully]
[2026-01-12 02:10:52,718: INFO: common: yaml file: params.yaml loaded successfully]
[2026-01-12 02:10:52,722: INFO: common: yaml file: schema.yaml loaded successfully]
[2026-01-12 02:10:52,723: INFO: common: created directory at: artifacts]
[2026-01-12 02:10:52,723: INFO: common: created directory at: artifacts/data_transformation]
[2026-01-12 02:10:52,768: INFO: data_transformation: Splited data into training and test sets]
[2026-01-12 02:10:52,768: INFO: data_transformation: (1199, 12)]
[2026-01-12 02:10:52,768: INFO: data_transformation: (400, 12)]
[2026-01-12 02:10:52,771: INFO: main: >>>>>stage Data Transformation Stage completed <<<<<<

x==========x]
[2026-01-14 03:18:23,214: INFO: common: yaml file: config/config.yaml loaded successfully]
[2026-01-14 03:18:23,277: INFO: common: yaml file: params.yaml loaded successfully]
[2026-01-14 03:18:23,288: INFO: common: yaml file: schema.yaml loaded successfully]
[2026-01-14 03:18:23,291: INFO: common: created directory at: artifacts]
[2026-01-14 03:19:17,031: ERROR: zmqstream: Uncaught exception in ZMQStream callback]
Traceback (most recent call last):
  File "/home/user/datascienceproject/venv/lib/python3.10/site-packages/zmq/eventloop/zmqstream.py", line 565, in _log_error
    f.result()
  File "/home/user/datascienceproject/venv/lib/python3.10/site-packages/ipykernel/kernelbase.py", line 341, in dispatch_control
    await self.process_control(msg)
  File "/home/user/datascienceproject/venv/lib/python3.10/site-packages/ipykernel/kernelbase.py", line 347, in process_control
    idents, msg = self.session.feed_identities(msg, copy=False)
  File "/home/user/datascienceproject/venv/lib/python3.10/site-packages/jupyter_client/session.py", line 993, in feed_identities
    raise ValueError(msg)
ValueError: DELIM not in msg_list
[2026-01-14 03:19:17,055: ERROR: zmqstream: Uncaught exception in ZMQStream callback]
Traceback (most recent call last):
  File "/home/user/datascienceproject/venv/lib/python3.10/site-packages/zmq/eventloop/zmqstream.py", line 565, in _log_error
    f.result()
  File "/home/user/datascienceproject/venv/lib/python3.10/site-packages/ipykernel/kernelbase.py", line 577, in shell_channel_thread_main
    _, msg2 = self.session.feed_identities(msg, copy=False)
  File "/home/user/datascienceproject/venv/lib/python3.10/site-packages/jupyter_client/session.py", line 993, in feed_identities
    raise ValueError(msg)
ValueError: DELIM not in msg_list
[2026-01-14 03:19:17,166: ERROR: zmqstream: Uncaught exception in ZMQStream callback]
Traceback (most recent call last):
  File "/home/user/datascienceproject/venv/lib/python3.10/site-packages/zmq/eventloop/zmqstream.py", line 565, in _log_error
    f.result()
  File "/home/user/datascienceproject/venv/lib/python3.10/site-packages/ipykernel/kernelbase.py", line 341, in dispatch_control
    await self.process_control(msg)
  File "/home/user/datascienceproject/venv/lib/python3.10/site-packages/ipykernel/kernelbase.py", line 347, in process_control
    idents, msg = self.session.feed_identities(msg, copy=False)
  File "/home/user/datascienceproject/venv/lib/python3.10/site-packages/jupyter_client/session.py", line 993, in feed_identities
    raise ValueError(msg)
ValueError: DELIM not in msg_list
[2026-01-14 03:19:17,242: ERROR: zmqstream: Uncaught exception in ZMQStream callback]
Traceback (most recent call last):
  File "/home/user/datascienceproject/venv/lib/python3.10/site-packages/zmq/eventloop/zmqstream.py", line 565, in _log_error
    f.result()
  File "/home/user/datascienceproject/venv/lib/python3.10/site-packages/ipykernel/kernelbase.py", line 577, in shell_channel_thread_main
    _, msg2 = self.session.feed_identities(msg, copy=False)
  File "/home/user/datascienceproject/venv/lib/python3.10/site-packages/jupyter_client/session.py", line 993, in feed_identities
    raise ValueError(msg)
ValueError: DELIM not in msg_list
[2026-01-14 03:19:17,250: ERROR: zmqstream: Uncaught exception in ZMQStream callback]
Traceback (most recent call last):
  File "/home/user/datascienceproject/venv/lib/python3.10/site-packages/zmq/eventloop/zmqstream.py", line 565, in _log_error
    f.result()
  File "/home/user/datascienceproject/venv/lib/python3.10/site-packages/ipykernel/kernelbase.py", line 341, in dispatch_control
    await self.process_control(msg)
  File "/home/user/datascienceproject/venv/lib/python3.10/site-packages/ipykernel/kernelbase.py", line 347, in process_control
    idents, msg = self.session.feed_identities(msg, copy=False)
  File "/home/user/datascienceproject/venv/lib/python3.10/site-packages/jupyter_client/session.py", line 993, in feed_identities
    raise ValueError(msg)
ValueError: DELIM not in msg_list
[2026-01-14 03:19:17,271: ERROR: zmqstream: Uncaught exception in ZMQStream callback]
Traceback (most recent call last):
  File "/home/user/datascienceproject/venv/lib/python3.10/site-packages/zmq/eventloop/zmqstream.py", line 565, in _log_error
    f.result()
  File "/home/user/datascienceproject/venv/lib/python3.10/site-packages/ipykernel/kernelbase.py", line 577, in shell_channel_thread_main
    _, msg2 = self.session.feed_identities(msg, copy=False)
  File "/home/user/datascienceproject/venv/lib/python3.10/site-packages/jupyter_client/session.py", line 993, in feed_identities
    raise ValueError(msg)
ValueError: DELIM not in msg_list
[2026-01-14 03:19:17,274: ERROR: zmqstream: Uncaught exception in ZMQStream callback]
Traceback (most recent call last):
  File "/home/user/datascienceproject/venv/lib/python3.10/site-packages/zmq/eventloop/zmqstream.py", line 565, in _log_error
    f.result()
  File "/home/user/datascienceproject/venv/lib/python3.10/site-packages/ipykernel/kernelbase.py", line 577, in shell_channel_thread_main
    _, msg2 = self.session.feed_identities(msg, copy=False)
  File "/home/user/datascienceproject/venv/lib/python3.10/site-packages/jupyter_client/session.py", line 993, in feed_identities
    raise ValueError(msg)
ValueError: DELIM not in msg_list
[2026-01-14 03:19:17,278: ERROR: zmqstream: Uncaught exception in ZMQStream callback]
Traceback (most recent call last):
  File "/home/user/datascienceproject/venv/lib/python3.10/site-packages/zmq/eventloop/zmqstream.py", line 565, in _log_error
    f.result()
  File "/home/user/datascienceproject/venv/lib/python3.10/site-packages/ipykernel/kernelbase.py", line 341, in dispatch_control
    await self.process_control(msg)
  File "/home/user/datascienceproject/venv/lib/python3.10/site-packages/ipykernel/kernelbase.py", line 347, in process_control
    idents, msg = self.session.feed_identities(msg, copy=False)
  File "/home/user/datascienceproject/venv/lib/python3.10/site-packages/jupyter_client/session.py", line 993, in feed_identities
    raise ValueError(msg)
ValueError: DELIM not in msg_list
[2026-01-14 03:19:17,284: ERROR: zmqstream: Uncaught exception in ZMQStream callback]
Traceback (most recent call last):
  File "/home/user/datascienceproject/venv/lib/python3.10/site-packages/zmq/eventloop/zmqstream.py", line 565, in _log_error
    f.result()
  File "/home/user/datascienceproject/venv/lib/python3.10/site-packages/ipykernel/kernelbase.py", line 577, in shell_channel_thread_main
    _, msg2 = self.session.feed_identities(msg, copy=False)
  File "/home/user/datascienceproject/venv/lib/python3.10/site-packages/jupyter_client/session.py", line 993, in feed_identities
    raise ValueError(msg)
ValueError: DELIM not in msg_list
[2026-01-14 03:19:17,289: ERROR: zmqstream: Uncaught exception in ZMQStream callback]
Traceback (most recent call last):
  File "/home/user/datascienceproject/venv/lib/python3.10/site-packages/zmq/eventloop/zmqstream.py", line 565, in _log_error
    f.result()
  File "/home/user/datascienceproject/venv/lib/python3.10/site-packages/ipykernel/kernelbase.py", line 341, in dispatch_control
    await self.process_control(msg)
  File "/home/user/datascienceproject/venv/lib/python3.10/site-packages/ipykernel/kernelbase.py", line 347, in process_control
    idents, msg = self.session.feed_identities(msg, copy=False)
  File "/home/user/datascienceproject/venv/lib/python3.10/site-packages/jupyter_client/session.py", line 993, in feed_identities
    raise ValueError(msg)
ValueError: DELIM not in msg_list
[2026-01-14 03:19:17,300: ERROR: zmqstream: Uncaught exception in ZMQStream callback]
Traceback (most recent call last):
  File "/home/user/datascienceproject/venv/lib/python3.10/site-packages/zmq/eventloop/zmqstream.py", line 565, in _log_error
    f.result()
  File "/home/user/datascienceproject/venv/lib/python3.10/site-packages/ipykernel/kernelbase.py", line 341, in dispatch_control
    await self.process_control(msg)
  File "/home/user/datascienceproject/venv/lib/python3.10/site-packages/ipykernel/kernelbase.py", line 347, in process_control
    idents, msg = self.session.feed_identities(msg, copy=False)
  File "/home/user/datascienceproject/venv/lib/python3.10/site-packages/jupyter_client/session.py", line 993, in feed_identities
    raise ValueError(msg)
ValueError: DELIM not in msg_list
[2026-01-14 03:19:17,302: ERROR: zmqstream: Uncaught exception in ZMQStream callback]
Traceback (most recent call last):
  File "/home/user/datascienceproject/venv/lib/python3.10/site-packages/zmq/eventloop/zmqstream.py", line 565, in _log_error
    f.result()
  File "/home/user/datascienceproject/venv/lib/python3.10/site-packages/ipykernel/kernelbase.py", line 577, in shell_channel_thread_main
    _, msg2 = self.session.feed_identities(msg, copy=False)
  File "/home/user/datascienceproject/venv/lib/python3.10/site-packages/jupyter_client/session.py", line 993, in feed_identities
    raise ValueError(msg)
ValueError: DELIM not in msg_list
[2026-01-14 03:19:17,305: ERROR: zmqstream: Uncaught exception in ZMQStream callback]
Traceback (most recent call last):
  File "/home/user/datascienceproject/venv/lib/python3.10/site-packages/zmq/eventloop/zmqstream.py", line 565, in _log_error
    f.result()
  File "/home/user/datascienceproject/venv/lib/python3.10/site-packages/ipykernel/kernelbase.py", line 341, in dispatch_control
    await self.process_control(msg)
  File "/home/user/datascienceproject/venv/lib/python3.10/site-packages/ipykernel/kernelbase.py", line 347, in process_control
    idents, msg = self.session.feed_identities(msg, copy=False)
  File "/home/user/datascienceproject/venv/lib/python3.10/site-packages/jupyter_client/session.py", line 993, in feed_identities
    raise ValueError(msg)
ValueError: DELIM not in msg_list
[2026-01-14 03:19:17,311: ERROR: zmqstream: Uncaught exception in ZMQStream callback]
Traceback (most recent call last):
  File "/home/user/datascienceproject/venv/lib/python3.10/site-packages/zmq/eventloop/zmqstream.py", line 565, in _log_error
    f.result()
  File "/home/user/datascienceproject/venv/lib/python3.10/site-packages/ipykernel/kernelbase.py", line 577, in shell_channel_thread_main
    _, msg2 = self.session.feed_identities(msg, copy=False)
  File "/home/user/datascienceproject/venv/lib/python3.10/site-packages/jupyter_client/session.py", line 993, in feed_identities
    raise ValueError(msg)
ValueError: DELIM not in msg_list
[2026-01-14 03:19:17,314: ERROR: zmqstream: Uncaught exception in ZMQStream callback]
Traceback (most recent call last):
  File "/home/user/datascienceproject/venv/lib/python3.10/site-packages/zmq/eventloop/zmqstream.py", line 565, in _log_error
    f.result()
  File "/home/user/datascienceproject/venv/lib/python3.10/site-packages/ipykernel/kernelbase.py", line 341, in dispatch_control
    await self.process_control(msg)
  File "/home/user/datascienceproject/venv/lib/python3.10/site-packages/ipykernel/kernelbase.py", line 347, in process_control
    idents, msg = self.session.feed_identities(msg, copy=False)
  File "/home/user/datascienceproject/venv/lib/python3.10/site-packages/jupyter_client/session.py", line 993, in feed_identities
    raise ValueError(msg)
ValueError: DELIM not in msg_list
[2026-01-14 03:19:17,320: ERROR: zmqstream: Uncaught exception in ZMQStream callback]
Traceback (most recent call last):
  File "/home/user/datascienceproject/venv/lib/python3.10/site-packages/zmq/eventloop/zmqstream.py", line 565, in _log_error
    f.result()
  File "/home/user/datascienceproject/venv/lib/python3.10/site-packages/ipykernel/kernelbase.py", line 577, in shell_channel_thread_main
    _, msg2 = self.session.feed_identities(msg, copy=False)
  File "/home/user/datascienceproject/venv/lib/python3.10/site-packages/jupyter_client/session.py", line 993, in feed_identities
    raise ValueError(msg)
ValueError: DELIM not in msg_list
[2026-01-14 03:19:17,326: ERROR: zmqstream: Uncaught exception in ZMQStream callback]
Traceback (most recent call last):
  File "/home/user/datascienceproject/venv/lib/python3.10/site-packages/zmq/eventloop/zmqstream.py", line 565, in _log_error
    f.result()
  File "/home/user/datascienceproject/venv/lib/python3.10/site-packages/ipykernel/kernelbase.py", line 577, in shell_channel_thread_main
    _, msg2 = self.session.feed_identities(msg, copy=False)
  File "/home/user/datascienceproject/venv/lib/python3.10/site-packages/jupyter_client/session.py", line 993, in feed_identities
    raise ValueError(msg)
ValueError: DELIM not in msg_list
[2026-01-14 03:19:17,331: ERROR: zmqstream: Uncaught exception in ZMQStream callback]
Traceback (most recent call last):
  File "/home/user/datascienceproject/venv/lib/python3.10/site-packages/zmq/eventloop/zmqstream.py", line 565, in _log_error
    f.result()
  File "/home/user/datascienceproject/venv/lib/python3.10/site-packages/ipykernel/kernelbase.py", line 341, in dispatch_control
    await self.process_control(msg)
  File "/home/user/datascienceproject/venv/lib/python3.10/site-packages/ipykernel/kernelbase.py", line 347, in process_control
    idents, msg = self.session.feed_identities(msg, copy=False)
  File "/home/user/datascienceproject/venv/lib/python3.10/site-packages/jupyter_client/session.py", line 993, in feed_identities
    raise ValueError(msg)
ValueError: DELIM not in msg_list
[2026-01-14 03:19:17,336: ERROR: zmqstream: Uncaught exception in ZMQStream callback]
Traceback (most recent call last):
  File "/home/user/datascienceproject/venv/lib/python3.10/site-packages/zmq/eventloop/zmqstream.py", line 565, in _log_error
    f.result()
  File "/home/user/datascienceproject/venv/lib/python3.10/site-packages/ipykernel/kernelbase.py", line 577, in shell_channel_thread_main
    _, msg2 = self.session.feed_identities(msg, copy=False)
  File "/home/user/datascienceproject/venv/lib/python3.10/site-packages/jupyter_client/session.py", line 993, in feed_identities
    raise ValueError(msg)
ValueError: DELIM not in msg_list
[2026-01-14 03:19:18,750: INFO: common: yaml file: config/config.yaml loaded successfully]
[2026-01-14 03:19:18,759: INFO: common: yaml file: params.yaml loaded successfully]
[2026-01-14 03:19:18,771: INFO: common: yaml file: schema.yaml loaded successfully]
[2026-01-14 03:19:18,778: INFO: common: created directory at: artifacts]
[2026-01-14 03:19:18,783: INFO: common: created directory at: artifacts/model_trainer]
[2026-01-14 03:21:05,885: INFO: common: yaml file: config/config.yaml loaded successfully]
[2026-01-14 03:21:05,890: INFO: common: yaml file: params.yaml loaded successfully]
[2026-01-14 03:21:05,901: INFO: common: yaml file: schema.yaml loaded successfully]
[2026-01-14 03:21:05,905: INFO: common: created directory at: artifacts]
[2026-01-14 03:21:05,911: INFO: common: created directory at: artifacts/model_trainer]
[2026-01-14 03:29:32,079: INFO: main: >>>>>stage Data Ingestion Stage started <<<<<<]
[2026-01-14 03:29:32,087: INFO: common: yaml file: config/config.yaml loaded successfully]
[2026-01-14 03:29:32,090: INFO: common: yaml file: params.yaml loaded successfully]
[2026-01-14 03:29:32,097: INFO: common: yaml file: schema.yaml loaded successfully]
[2026-01-14 03:29:32,099: INFO: common: created directory at: artifacts]
[2026-01-14 03:29:32,101: INFO: common: created directory at: artifacts/data_ingestion]
[2026-01-14 03:29:32,102: INFO: data_ingestion: File already exists]
[2026-01-14 03:29:32,161: INFO: main: >>>>>stage Data Ingestion Stage completed <<<<<<

x==========x]
[2026-01-14 03:29:32,161: INFO: main: >>>>>stage Data Validation Stage started <<<<<<]
[2026-01-14 03:29:32,169: INFO: common: yaml file: config/config.yaml loaded successfully]
[2026-01-14 03:29:32,172: INFO: common: yaml file: params.yaml loaded successfully]
[2026-01-14 03:29:32,177: INFO: common: yaml file: schema.yaml loaded successfully]
[2026-01-14 03:29:32,179: INFO: common: created directory at: artifacts]
[2026-01-14 03:29:32,179: INFO: common: created directory at: artifacts/data_validation]
[2026-01-14 03:29:32,211: INFO: main: >>>>>stage Data Validation Stage completed <<<<<<

x==========x]
[2026-01-14 03:29:32,211: INFO: main: >>>>>stage Data Transformation Stage started <<<<<<]
[2026-01-14 03:29:32,222: INFO: common: yaml file: config/config.yaml loaded successfully]
[2026-01-14 03:29:32,224: INFO: common: yaml file: params.yaml loaded successfully]
[2026-01-14 03:29:32,229: INFO: common: yaml file: schema.yaml loaded successfully]
[2026-01-14 03:29:32,232: INFO: common: created directory at: artifacts]
[2026-01-14 03:29:32,233: INFO: common: created directory at: artifacts/data_transformation]
[2026-01-14 03:29:32,366: INFO: data_transformation: Splited data into training and test sets]
[2026-01-14 03:29:32,366: INFO: data_transformation: (1199, 12)]
[2026-01-14 03:29:32,367: INFO: data_transformation: (400, 12)]
[2026-01-14 03:29:32,367: INFO: main: >>>>>stage Data Transformation Stage completed <<<<<<

x==========x]
[2026-01-14 03:29:32,367: INFO: main: >>>>>stage Model Trainer Stage started <<<<<<]
[2026-01-14 03:29:32,373: INFO: common: yaml file: config/config.yaml loaded successfully]
[2026-01-14 03:29:32,375: INFO: common: yaml file: params.yaml loaded successfully]
[2026-01-14 03:29:32,379: INFO: common: yaml file: schema.yaml loaded successfully]
[2026-01-14 03:29:32,380: INFO: common: created directory at: artifacts]
[2026-01-14 03:29:32,380: INFO: common: created directory at: artifacts/model_trainer]
[2026-01-14 03:29:32,404: INFO: main: >>>>>stage Model Trainer Stage completed <<<<<<

x==========x]
[2026-01-14 04:08:55,816: INFO: common: yaml file: config/config.yaml loaded successfully]
[2026-01-14 04:08:55,820: INFO: common: yaml file: params.yaml loaded successfully]
[2026-01-14 04:08:55,904: INFO: common: yaml file: schema.yaml loaded successfully]
[2026-01-14 04:08:55,906: INFO: common: created directory at: artifacts]
[2026-01-14 04:08:55,909: INFO: common: created directory at: artifacts/model_evaluation]
[2026-01-14 04:12:06,687: INFO: common: yaml file: config/config.yaml loaded successfully]
[2026-01-14 04:12:06,692: INFO: common: yaml file: params.yaml loaded successfully]
[2026-01-14 04:12:06,699: INFO: common: yaml file: schema.yaml loaded successfully]
[2026-01-14 04:12:06,706: INFO: common: created directory at: artifacts]
[2026-01-14 04:12:06,708: INFO: common: created directory at: artifacts/model_evaluation]
[2026-01-15 19:13:43,104: INFO: common: yaml file: config/config.yaml loaded successfully]
[2026-01-15 19:13:43,164: INFO: common: yaml file: params.yaml loaded successfully]
[2026-01-15 19:13:43,178: INFO: common: yaml file: schema.yaml loaded successfully]
[2026-01-15 19:13:43,180: INFO: common: created directory at: artifacts]
[2026-01-15 19:13:43,184: INFO: common: created directory at: artifacts/model_evaluation]
[2026-01-15 19:21:47,417: INFO: common: yaml file: config/config.yaml loaded successfully]
[2026-01-15 19:21:47,434: INFO: common: yaml file: params.yaml loaded successfully]
[2026-01-15 19:21:47,449: INFO: common: yaml file: schema.yaml loaded successfully]
[2026-01-15 19:21:47,460: INFO: common: created directory at: artifacts]
[2026-01-15 19:21:47,475: INFO: common: created directory at: artifacts/model_evaluation]
[2026-01-15 19:27:30,757: INFO: common: yaml file: config/config.yaml loaded successfully]
[2026-01-15 19:27:30,766: INFO: common: yaml file: params.yaml loaded successfully]
[2026-01-15 19:27:30,785: INFO: common: yaml file: schema.yaml loaded successfully]
[2026-01-15 19:27:30,796: INFO: common: created directory at: artifacts]
[2026-01-15 19:27:30,807: INFO: common: created directory at: artifacts/model_evaluation]
[2026-01-15 19:28:10,505: INFO: common: yaml file: config/config.yaml loaded successfully]
[2026-01-15 19:28:10,514: INFO: common: yaml file: params.yaml loaded successfully]
[2026-01-15 19:28:10,524: INFO: common: yaml file: schema.yaml loaded successfully]
[2026-01-15 19:28:10,531: INFO: common: created directory at: artifacts]
[2026-01-15 19:28:10,533: INFO: common: created directory at: artifacts/model_evaluation]
[2026-01-15 19:28:42,614: INFO: common: yaml file: config/config.yaml loaded successfully]
[2026-01-15 19:28:42,618: INFO: common: yaml file: params.yaml loaded successfully]
[2026-01-15 19:28:42,623: INFO: common: yaml file: schema.yaml loaded successfully]
[2026-01-15 19:28:42,626: INFO: common: created directory at: artifacts]
[2026-01-15 19:28:42,628: INFO: common: created directory at: artifacts/model_evaluation]
[2026-01-15 19:28:42,809: INFO: common: json file saved at: artifacts/model_evaluation/metric.json]
[2026-01-15 19:29:44,307: INFO: common: yaml file: config/config.yaml loaded successfully]
[2026-01-15 19:29:44,312: INFO: common: yaml file: params.yaml loaded successfully]
[2026-01-15 19:29:44,334: INFO: common: yaml file: schema.yaml loaded successfully]
[2026-01-15 19:29:44,344: INFO: common: created directory at: artifacts]
[2026-01-15 19:29:44,351: INFO: common: created directory at: artifacts/model_evaluation]
[2026-01-15 19:29:44,583: INFO: common: json file saved at: artifacts/model_evaluation/metric.json]
[2026-01-15 20:08:42,217: ERROR: zmqstream: Uncaught exception in ZMQStream callback]
Traceback (most recent call last):
  File "/home/user/datascienceproject/venv/lib/python3.10/site-packages/zmq/eventloop/zmqstream.py", line 565, in _log_error
    f.result()
  File "/home/user/datascienceproject/venv/lib/python3.10/site-packages/ipykernel/kernelbase.py", line 341, in dispatch_control
    await self.process_control(msg)
  File "/home/user/datascienceproject/venv/lib/python3.10/site-packages/ipykernel/kernelbase.py", line 347, in process_control
    idents, msg = self.session.feed_identities(msg, copy=False)
  File "/home/user/datascienceproject/venv/lib/python3.10/site-packages/jupyter_client/session.py", line 993, in feed_identities
    raise ValueError(msg)
ValueError: DELIM not in msg_list
[2026-01-15 20:08:42,205: ERROR: zmqstream: Uncaught exception in ZMQStream callback]
Traceback (most recent call last):
  File "/home/user/datascienceproject/venv/lib/python3.10/site-packages/zmq/eventloop/zmqstream.py", line 565, in _log_error
    f.result()
  File "/home/user/datascienceproject/venv/lib/python3.10/site-packages/ipykernel/kernelbase.py", line 577, in shell_channel_thread_main
    _, msg2 = self.session.feed_identities(msg, copy=False)
  File "/home/user/datascienceproject/venv/lib/python3.10/site-packages/jupyter_client/session.py", line 993, in feed_identities
    raise ValueError(msg)
ValueError: DELIM not in msg_list
[2026-01-15 20:08:42,259: ERROR: zmqstream: Uncaught exception in ZMQStream callback]
Traceback (most recent call last):
  File "/home/user/datascienceproject/venv/lib/python3.10/site-packages/zmq/eventloop/zmqstream.py", line 565, in _log_error
    f.result()
  File "/home/user/datascienceproject/venv/lib/python3.10/site-packages/ipykernel/kernelbase.py", line 341, in dispatch_control
    await self.process_control(msg)
  File "/home/user/datascienceproject/venv/lib/python3.10/site-packages/ipykernel/kernelbase.py", line 347, in process_control
    idents, msg = self.session.feed_identities(msg, copy=False)
  File "/home/user/datascienceproject/venv/lib/python3.10/site-packages/jupyter_client/session.py", line 993, in feed_identities
    raise ValueError(msg)
ValueError: DELIM not in msg_list
[2026-01-15 20:08:42,293: ERROR: zmqstream: Uncaught exception in ZMQStream callback]
Traceback (most recent call last):
  File "/home/user/datascienceproject/venv/lib/python3.10/site-packages/zmq/eventloop/zmqstream.py", line 565, in _log_error
    f.result()
  File "/home/user/datascienceproject/venv/lib/python3.10/site-packages/ipykernel/kernelbase.py", line 577, in shell_channel_thread_main
    _, msg2 = self.session.feed_identities(msg, copy=False)
  File "/home/user/datascienceproject/venv/lib/python3.10/site-packages/jupyter_client/session.py", line 993, in feed_identities
    raise ValueError(msg)
ValueError: DELIM not in msg_list
[2026-01-15 20:08:42,313: ERROR: zmqstream: Uncaught exception in ZMQStream callback]
Traceback (most recent call last):
  File "/home/user/datascienceproject/venv/lib/python3.10/site-packages/zmq/eventloop/zmqstream.py", line 565, in _log_error
    f.result()
  File "/home/user/datascienceproject/venv/lib/python3.10/site-packages/ipykernel/kernelbase.py", line 341, in dispatch_control
    await self.process_control(msg)
  File "/home/user/datascienceproject/venv/lib/python3.10/site-packages/ipykernel/kernelbase.py", line 347, in process_control
    idents, msg = self.session.feed_identities(msg, copy=False)
  File "/home/user/datascienceproject/venv/lib/python3.10/site-packages/jupyter_client/session.py", line 993, in feed_identities
    raise ValueError(msg)
ValueError: DELIM not in msg_list
[2026-01-15 20:08:42,345: ERROR: zmqstream: Uncaught exception in ZMQStream callback]
Traceback (most recent call last):
  File "/home/user/datascienceproject/venv/lib/python3.10/site-packages/zmq/eventloop/zmqstream.py", line 565, in _log_error
    f.result()
  File "/home/user/datascienceproject/venv/lib/python3.10/site-packages/ipykernel/kernelbase.py", line 341, in dispatch_control
    await self.process_control(msg)
  File "/home/user/datascienceproject/venv/lib/python3.10/site-packages/ipykernel/kernelbase.py", line 347, in process_control
    idents, msg = self.session.feed_identities(msg, copy=False)
  File "/home/user/datascienceproject/venv/lib/python3.10/site-packages/jupyter_client/session.py", line 993, in feed_identities
    raise ValueError(msg)
ValueError: DELIM not in msg_list
[2026-01-15 20:08:42,339: ERROR: zmqstream: Uncaught exception in ZMQStream callback]
Traceback (most recent call last):
  File "/home/user/datascienceproject/venv/lib/python3.10/site-packages/zmq/eventloop/zmqstream.py", line 565, in _log_error
    f.result()
  File "/home/user/datascienceproject/venv/lib/python3.10/site-packages/ipykernel/kernelbase.py", line 577, in shell_channel_thread_main
    _, msg2 = self.session.feed_identities(msg, copy=False)
  File "/home/user/datascienceproject/venv/lib/python3.10/site-packages/jupyter_client/session.py", line 993, in feed_identities
    raise ValueError(msg)
ValueError: DELIM not in msg_list
[2026-01-15 20:08:42,359: ERROR: zmqstream: Uncaught exception in ZMQStream callback]
Traceback (most recent call last):
  File "/home/user/datascienceproject/venv/lib/python3.10/site-packages/zmq/eventloop/zmqstream.py", line 565, in _log_error
    f.result()
  File "/home/user/datascienceproject/venv/lib/python3.10/site-packages/ipykernel/kernelbase.py", line 341, in dispatch_control
    await self.process_control(msg)
  File "/home/user/datascienceproject/venv/lib/python3.10/site-packages/ipykernel/kernelbase.py", line 347, in process_control
    idents, msg = self.session.feed_identities(msg, copy=False)
  File "/home/user/datascienceproject/venv/lib/python3.10/site-packages/jupyter_client/session.py", line 993, in feed_identities
    raise ValueError(msg)
ValueError: DELIM not in msg_list
[2026-01-15 20:08:42,367: ERROR: zmqstream: Uncaught exception in ZMQStream callback]
Traceback (most recent call last):
  File "/home/user/datascienceproject/venv/lib/python3.10/site-packages/zmq/eventloop/zmqstream.py", line 565, in _log_error
    f.result()
  File "/home/user/datascienceproject/venv/lib/python3.10/site-packages/ipykernel/kernelbase.py", line 341, in dispatch_control
    await self.process_control(msg)
  File "/home/user/datascienceproject/venv/lib/python3.10/site-packages/ipykernel/kernelbase.py", line 347, in process_control
    idents, msg = self.session.feed_identities(msg, copy=False)
  File "/home/user/datascienceproject/venv/lib/python3.10/site-packages/jupyter_client/session.py", line 993, in feed_identities
    raise ValueError(msg)
ValueError: DELIM not in msg_list
[2026-01-15 20:08:42,377: ERROR: zmqstream: Uncaught exception in ZMQStream callback]
Traceback (most recent call last):
  File "/home/user/datascienceproject/venv/lib/python3.10/site-packages/zmq/eventloop/zmqstream.py", line 565, in _log_error
    f.result()
  File "/home/user/datascienceproject/venv/lib/python3.10/site-packages/ipykernel/kernelbase.py", line 577, in shell_channel_thread_main
    _, msg2 = self.session.feed_identities(msg, copy=False)
  File "/home/user/datascienceproject/venv/lib/python3.10/site-packages/jupyter_client/session.py", line 993, in feed_identities
    raise ValueError(msg)
ValueError: DELIM not in msg_list
[2026-01-15 20:08:42,390: ERROR: zmqstream: Uncaught exception in ZMQStream callback]
Traceback (most recent call last):
  File "/home/user/datascienceproject/venv/lib/python3.10/site-packages/zmq/eventloop/zmqstream.py", line 565, in _log_error
    f.result()
  File "/home/user/datascienceproject/venv/lib/python3.10/site-packages/ipykernel/kernelbase.py", line 341, in dispatch_control
    await self.process_control(msg)
  File "/home/user/datascienceproject/venv/lib/python3.10/site-packages/ipykernel/kernelbase.py", line 347, in process_control
    idents, msg = self.session.feed_identities(msg, copy=False)
  File "/home/user/datascienceproject/venv/lib/python3.10/site-packages/jupyter_client/session.py", line 993, in feed_identities
    raise ValueError(msg)
ValueError: DELIM not in msg_list
[2026-01-15 20:08:42,398: ERROR: zmqstream: Uncaught exception in ZMQStream callback]
Traceback (most recent call last):
  File "/home/user/datascienceproject/venv/lib/python3.10/site-packages/zmq/eventloop/zmqstream.py", line 565, in _log_error
    f.result()
  File "/home/user/datascienceproject/venv/lib/python3.10/site-packages/ipykernel/kernelbase.py", line 577, in shell_channel_thread_main
    _, msg2 = self.session.feed_identities(msg, copy=False)
  File "/home/user/datascienceproject/venv/lib/python3.10/site-packages/jupyter_client/session.py", line 993, in feed_identities
    raise ValueError(msg)
ValueError: DELIM not in msg_list
[2026-01-15 20:08:42,410: ERROR: zmqstream: Uncaught exception in ZMQStream callback]
Traceback (most recent call last):
  File "/home/user/datascienceproject/venv/lib/python3.10/site-packages/zmq/eventloop/zmqstream.py", line 565, in _log_error
    f.result()
  File "/home/user/datascienceproject/venv/lib/python3.10/site-packages/ipykernel/kernelbase.py", line 341, in dispatch_control
    await self.process_control(msg)
  File "/home/user/datascienceproject/venv/lib/python3.10/site-packages/ipykernel/kernelbase.py", line 347, in process_control
    idents, msg = self.session.feed_identities(msg, copy=False)
  File "/home/user/datascienceproject/venv/lib/python3.10/site-packages/jupyter_client/session.py", line 993, in feed_identities
    raise ValueError(msg)
ValueError: DELIM not in msg_list
[2026-01-15 20:08:42,423: ERROR: zmqstream: Uncaught exception in ZMQStream callback]
Traceback (most recent call last):
  File "/home/user/datascienceproject/venv/lib/python3.10/site-packages/zmq/eventloop/zmqstream.py", line 565, in _log_error
    f.result()
  File "/home/user/datascienceproject/venv/lib/python3.10/site-packages/ipykernel/kernelbase.py", line 577, in shell_channel_thread_main
    _, msg2 = self.session.feed_identities(msg, copy=False)
  File "/home/user/datascienceproject/venv/lib/python3.10/site-packages/jupyter_client/session.py", line 993, in feed_identities
    raise ValueError(msg)
ValueError: DELIM not in msg_list
[2026-01-15 20:08:42,438: ERROR: zmqstream: Uncaught exception in ZMQStream callback]
Traceback (most recent call last):
  File "/home/user/datascienceproject/venv/lib/python3.10/site-packages/zmq/eventloop/zmqstream.py", line 565, in _log_error
    f.result()
  File "/home/user/datascienceproject/venv/lib/python3.10/site-packages/ipykernel/kernelbase.py", line 577, in shell_channel_thread_main
    _, msg2 = self.session.feed_identities(msg, copy=False)
  File "/home/user/datascienceproject/venv/lib/python3.10/site-packages/jupyter_client/session.py", line 993, in feed_identities
    raise ValueError(msg)
ValueError: DELIM not in msg_list
[2026-01-15 20:08:42,466: ERROR: zmqstream: Uncaught exception in ZMQStream callback]
Traceback (most recent call last):
  File "/home/user/datascienceproject/venv/lib/python3.10/site-packages/zmq/eventloop/zmqstream.py", line 565, in _log_error
    f.result()
  File "/home/user/datascienceproject/venv/lib/python3.10/site-packages/ipykernel/kernelbase.py", line 577, in shell_channel_thread_main
    _, msg2 = self.session.feed_identities(msg, copy=False)
  File "/home/user/datascienceproject/venv/lib/python3.10/site-packages/jupyter_client/session.py", line 993, in feed_identities
    raise ValueError(msg)
ValueError: DELIM not in msg_list
[2026-01-15 20:16:49,109: ERROR: zmqstream: Uncaught exception in ZMQStream callback]
Traceback (most recent call last):
  File "/home/user/datascienceproject/venv/lib/python3.10/site-packages/zmq/eventloop/zmqstream.py", line 565, in _log_error
    f.result()
  File "/home/user/datascienceproject/venv/lib/python3.10/site-packages/ipykernel/kernelbase.py", line 341, in dispatch_control
    await self.process_control(msg)
  File "/home/user/datascienceproject/venv/lib/python3.10/site-packages/ipykernel/kernelbase.py", line 347, in process_control
    idents, msg = self.session.feed_identities(msg, copy=False)
  File "/home/user/datascienceproject/venv/lib/python3.10/site-packages/jupyter_client/session.py", line 993, in feed_identities
    raise ValueError(msg)
ValueError: DELIM not in msg_list
[2026-01-15 20:16:49,147: ERROR: zmqstream: Uncaught exception in ZMQStream callback]
Traceback (most recent call last):
  File "/home/user/datascienceproject/venv/lib/python3.10/site-packages/zmq/eventloop/zmqstream.py", line 565, in _log_error
    f.result()
  File "/home/user/datascienceproject/venv/lib/python3.10/site-packages/ipykernel/kernelbase.py", line 341, in dispatch_control
    await self.process_control(msg)
  File "/home/user/datascienceproject/venv/lib/python3.10/site-packages/ipykernel/kernelbase.py", line 347, in process_control
    idents, msg = self.session.feed_identities(msg, copy=False)
  File "/home/user/datascienceproject/venv/lib/python3.10/site-packages/jupyter_client/session.py", line 993, in feed_identities
    raise ValueError(msg)
ValueError: DELIM not in msg_list
[2026-01-15 20:16:49,159: ERROR: zmqstream: Uncaught exception in ZMQStream callback]
Traceback (most recent call last):
  File "/home/user/datascienceproject/venv/lib/python3.10/site-packages/zmq/eventloop/zmqstream.py", line 565, in _log_error
    f.result()
  File "/home/user/datascienceproject/venv/lib/python3.10/site-packages/ipykernel/kernelbase.py", line 341, in dispatch_control
    await self.process_control(msg)
  File "/home/user/datascienceproject/venv/lib/python3.10/site-packages/ipykernel/kernelbase.py", line 347, in process_control
    idents, msg = self.session.feed_identities(msg, copy=False)
  File "/home/user/datascienceproject/venv/lib/python3.10/site-packages/jupyter_client/session.py", line 993, in feed_identities
    raise ValueError(msg)
ValueError: DELIM not in msg_list
[2026-01-15 20:16:49,190: ERROR: zmqstream: Uncaught exception in ZMQStream callback]
Traceback (most recent call last):
  File "/home/user/datascienceproject/venv/lib/python3.10/site-packages/zmq/eventloop/zmqstream.py", line 565, in _log_error
    f.result()
  File "/home/user/datascienceproject/venv/lib/python3.10/site-packages/ipykernel/kernelbase.py", line 577, in shell_channel_thread_main
    _, msg2 = self.session.feed_identities(msg, copy=False)
  File "/home/user/datascienceproject/venv/lib/python3.10/site-packages/jupyter_client/session.py", line 993, in feed_identities
    raise ValueError(msg)
ValueError: DELIM not in msg_list
[2026-01-15 20:16:49,219: ERROR: zmqstream: Uncaught exception in ZMQStream callback]
Traceback (most recent call last):
  File "/home/user/datascienceproject/venv/lib/python3.10/site-packages/zmq/eventloop/zmqstream.py", line 565, in _log_error
    f.result()
  File "/home/user/datascienceproject/venv/lib/python3.10/site-packages/ipykernel/kernelbase.py", line 577, in shell_channel_thread_main
    _, msg2 = self.session.feed_identities(msg, copy=False)
  File "/home/user/datascienceproject/venv/lib/python3.10/site-packages/jupyter_client/session.py", line 993, in feed_identities
    raise ValueError(msg)
ValueError: DELIM not in msg_list
[2026-01-15 20:16:49,229: ERROR: zmqstream: Uncaught exception in ZMQStream callback]
Traceback (most recent call last):
  File "/home/user/datascienceproject/venv/lib/python3.10/site-packages/zmq/eventloop/zmqstream.py", line 565, in _log_error
    f.result()
  File "/home/user/datascienceproject/venv/lib/python3.10/site-packages/ipykernel/kernelbase.py", line 577, in shell_channel_thread_main
    _, msg2 = self.session.feed_identities(msg, copy=False)
  File "/home/user/datascienceproject/venv/lib/python3.10/site-packages/jupyter_client/session.py", line 993, in feed_identities
    raise ValueError(msg)
ValueError: DELIM not in msg_list
[2026-01-15 20:28:56,044: ERROR: zmqstream: Uncaught exception in ZMQStream callback]
Traceback (most recent call last):
  File "/home/user/datascienceproject/venv/lib/python3.10/site-packages/zmq/eventloop/zmqstream.py", line 565, in _log_error
    f.result()
  File "/home/user/datascienceproject/venv/lib/python3.10/site-packages/ipykernel/kernelbase.py", line 341, in dispatch_control
    await self.process_control(msg)
  File "/home/user/datascienceproject/venv/lib/python3.10/site-packages/ipykernel/kernelbase.py", line 347, in process_control
    idents, msg = self.session.feed_identities(msg, copy=False)
  File "/home/user/datascienceproject/venv/lib/python3.10/site-packages/jupyter_client/session.py", line 993, in feed_identities
    raise ValueError(msg)
ValueError: DELIM not in msg_list
[2026-01-15 20:28:56,050: ERROR: zmqstream: Uncaught exception in ZMQStream callback]
Traceback (most recent call last):
  File "/home/user/datascienceproject/venv/lib/python3.10/site-packages/zmq/eventloop/zmqstream.py", line 565, in _log_error
    f.result()
  File "/home/user/datascienceproject/venv/lib/python3.10/site-packages/ipykernel/kernelbase.py", line 341, in dispatch_control
    await self.process_control(msg)
  File "/home/user/datascienceproject/venv/lib/python3.10/site-packages/ipykernel/kernelbase.py", line 347, in process_control
    idents, msg = self.session.feed_identities(msg, copy=False)
  File "/home/user/datascienceproject/venv/lib/python3.10/site-packages/jupyter_client/session.py", line 993, in feed_identities
    raise ValueError(msg)
ValueError: DELIM not in msg_list
[2026-01-15 20:28:56,055: ERROR: zmqstream: Uncaught exception in ZMQStream callback]
Traceback (most recent call last):
  File "/home/user/datascienceproject/venv/lib/python3.10/site-packages/zmq/eventloop/zmqstream.py", line 565, in _log_error
    f.result()
  File "/home/user/datascienceproject/venv/lib/python3.10/site-packages/ipykernel/kernelbase.py", line 341, in dispatch_control
    await self.process_control(msg)
  File "/home/user/datascienceproject/venv/lib/python3.10/site-packages/ipykernel/kernelbase.py", line 347, in process_control
    idents, msg = self.session.feed_identities(msg, copy=False)
  File "/home/user/datascienceproject/venv/lib/python3.10/site-packages/jupyter_client/session.py", line 993, in feed_identities
    raise ValueError(msg)
ValueError: DELIM not in msg_list
[2026-01-15 20:28:56,072: ERROR: zmqstream: Uncaught exception in ZMQStream callback]
Traceback (most recent call last):
  File "/home/user/datascienceproject/venv/lib/python3.10/site-packages/zmq/eventloop/zmqstream.py", line 565, in _log_error
    f.result()
  File "/home/user/datascienceproject/venv/lib/python3.10/site-packages/ipykernel/kernelbase.py", line 577, in shell_channel_thread_main
    _, msg2 = self.session.feed_identities(msg, copy=False)
  File "/home/user/datascienceproject/venv/lib/python3.10/site-packages/jupyter_client/session.py", line 993, in feed_identities
    raise ValueError(msg)
ValueError: DELIM not in msg_list
[2026-01-15 20:28:56,079: ERROR: zmqstream: Uncaught exception in ZMQStream callback]
Traceback (most recent call last):
  File "/home/user/datascienceproject/venv/lib/python3.10/site-packages/zmq/eventloop/zmqstream.py", line 565, in _log_error
    f.result()
  File "/home/user/datascienceproject/venv/lib/python3.10/site-packages/ipykernel/kernelbase.py", line 577, in shell_channel_thread_main
    _, msg2 = self.session.feed_identities(msg, copy=False)
  File "/home/user/datascienceproject/venv/lib/python3.10/site-packages/jupyter_client/session.py", line 993, in feed_identities
    raise ValueError(msg)
ValueError: DELIM not in msg_list
[2026-01-15 20:28:56,086: ERROR: zmqstream: Uncaught exception in ZMQStream callback]
Traceback (most recent call last):
  File "/home/user/datascienceproject/venv/lib/python3.10/site-packages/zmq/eventloop/zmqstream.py", line 565, in _log_error
    f.result()
  File "/home/user/datascienceproject/venv/lib/python3.10/site-packages/ipykernel/kernelbase.py", line 577, in shell_channel_thread_main
    _, msg2 = self.session.feed_identities(msg, copy=False)
  File "/home/user/datascienceproject/venv/lib/python3.10/site-packages/jupyter_client/session.py", line 993, in feed_identities
    raise ValueError(msg)
ValueError: DELIM not in msg_list
[2026-01-15 21:56:26,607: INFO: main: >>>>>stage Data Ingestion Stage started <<<<<<]
[2026-01-15 21:56:26,617: INFO: common: yaml file: config/config.yaml loaded successfully]
[2026-01-15 21:56:26,624: INFO: common: yaml file: params.yaml loaded successfully]
[2026-01-15 21:56:26,634: INFO: common: yaml file: schema.yaml loaded successfully]
[2026-01-15 21:56:26,637: INFO: common: created directory at: artifacts]
[2026-01-15 21:56:26,638: INFO: common: created directory at: artifacts/data_ingestion]
[2026-01-15 21:56:26,639: INFO: data_ingestion: File already exists]
[2026-01-15 21:56:26,697: INFO: main: >>>>>stage Data Ingestion Stage completed <<<<<<

x==========x]
[2026-01-15 21:56:26,698: INFO: main: >>>>>stage Data Validation Stage started <<<<<<]
[2026-01-15 21:56:26,708: INFO: common: yaml file: config/config.yaml loaded successfully]
[2026-01-15 21:56:26,713: INFO: common: yaml file: params.yaml loaded successfully]
[2026-01-15 21:56:26,719: INFO: common: yaml file: schema.yaml loaded successfully]
[2026-01-15 21:56:26,720: INFO: common: created directory at: artifacts]
[2026-01-15 21:56:26,720: INFO: common: created directory at: artifacts/data_validation]
[2026-01-15 21:56:26,757: INFO: main: >>>>>stage Data Validation Stage completed <<<<<<

x==========x]
[2026-01-15 21:56:26,760: INFO: main: >>>>>stage Data Transformation Stage started <<<<<<]
[2026-01-15 21:56:26,772: INFO: common: yaml file: config/config.yaml loaded successfully]
[2026-01-15 21:56:26,774: INFO: common: yaml file: params.yaml loaded successfully]
[2026-01-15 21:56:26,779: INFO: common: yaml file: schema.yaml loaded successfully]
[2026-01-15 21:56:26,780: INFO: common: created directory at: artifacts]
[2026-01-15 21:56:26,781: INFO: common: created directory at: artifacts/data_transformation]
[2026-01-15 21:56:26,904: INFO: data_transformation: Splited data into training and test sets]
[2026-01-15 21:56:26,905: INFO: data_transformation: (1199, 12)]
[2026-01-15 21:56:26,905: INFO: data_transformation: (400, 12)]
[2026-01-15 21:56:26,905: INFO: main: >>>>>stage Data Transformation Stage completed <<<<<<

x==========x]
[2026-01-15 21:56:26,905: INFO: main: >>>>>stage Model Trainer Stage started <<<<<<]
[2026-01-15 21:56:26,913: INFO: common: yaml file: config/config.yaml loaded successfully]
[2026-01-15 21:56:26,915: INFO: common: yaml file: params.yaml loaded successfully]
[2026-01-15 21:56:26,921: INFO: common: yaml file: schema.yaml loaded successfully]
[2026-01-15 21:56:26,922: INFO: common: created directory at: artifacts]
[2026-01-15 21:56:26,922: INFO: common: created directory at: artifacts/model_trainer]
[2026-01-15 21:56:27,016: INFO: main: >>>>>stage Model Trainer Stage completed <<<<<<

x==========x]
[2026-01-15 21:56:27,016: INFO: main: >>>>>stage Model Evaluation Stage started <<<<<<]
[2026-01-15 21:56:27,028: INFO: common: yaml file: config/config.yaml loaded successfully]
[2026-01-15 21:56:27,032: INFO: common: yaml file: params.yaml loaded successfully]
[2026-01-15 21:56:27,039: INFO: common: yaml file: schema.yaml loaded successfully]
[2026-01-15 21:56:27,041: INFO: common: created directory at: artifacts]
[2026-01-15 21:56:27,042: INFO: common: created directory at: artifacts/model_evaluation]
[2026-01-15 21:56:38,781: INFO: common: json file saved at: artifacts/model_evaluation/metric.json]
[2026-01-15 21:56:45,292: ERROR: main: API request to endpoint /api/2.0/mlflow/registered-models/create failed with error code 403 != 200. Response body: '']
Traceback (most recent call last):
  File "/home/user/datascienceproject/main.py", line 56, in <module>
    model_evaluation.initiate_model_evaluation()
  File "/home/user/datascienceproject/src/datascienceproject/pipeline/model_evaluation_pipeline.py", line 16, in initiate_model_evaluation
    model_evaluation.log_into_mlflow()
  File "/home/user/datascienceproject/src/datascienceproject/components/model_evaluation.py", line 56, in log_into_mlflow
    mlflow.sklearn.log_model(model, "model", registered_model_name = "ElasticnetModel")
  File "/home/user/datascienceproject/venv/lib/python3.10/site-packages/mlflow/sklearn/__init__.py", line 426, in log_model
    return Model.log(
  File "/home/user/datascienceproject/venv/lib/python3.10/site-packages/mlflow/models/model.py", line 1357, in log
    registered_model = mlflow.tracking._model_registry.fluent._register_model(
  File "/home/user/datascienceproject/venv/lib/python3.10/site-packages/mlflow/tracking/_model_registry/fluent.py", line 167, in _register_model
    raise e
  File "/home/user/datascienceproject/venv/lib/python3.10/site-packages/mlflow/tracking/_model_registry/fluent.py", line 156, in _register_model
    create_model_response = client.create_registered_model(name)
  File "/home/user/datascienceproject/venv/lib/python3.10/site-packages/mlflow/tracking/client.py", line 3842, in create_registered_model
    return self._get_registry_client().create_registered_model(
  File "/home/user/datascienceproject/venv/lib/python3.10/site-packages/mlflow/telemetry/track.py", line 30, in wrapper
    result = func(*args, **kwargs)
  File "/home/user/datascienceproject/venv/lib/python3.10/site-packages/mlflow/tracking/_model_registry/client.py", line 96, in create_registered_model
    return self.store.create_registered_model(name, tags, description, deployment_job_id)
  File "/home/user/datascienceproject/venv/lib/python3.10/site-packages/mlflow/store/model_registry/rest_store.py", line 110, in create_registered_model
    response_proto = self._call_endpoint(CreateRegisteredModel, req_body)
  File "/home/user/datascienceproject/venv/lib/python3.10/site-packages/mlflow/store/model_registry/base_rest_store.py", line 42, in _call_endpoint
    return call_endpoint(
  File "/home/user/datascienceproject/venv/lib/python3.10/site-packages/mlflow/utils/rest_utils.py", line 596, in call_endpoint
    response = verify_rest_response(response, endpoint)
  File "/home/user/datascienceproject/venv/lib/python3.10/site-packages/mlflow/utils/rest_utils.py", line 321, in verify_rest_response
    raise MlflowException(
mlflow.exceptions.MlflowException: API request to endpoint /api/2.0/mlflow/registered-models/create failed with error code 403 != 200. Response body: ''
[2026-01-15 22:00:09,163: INFO: main: >>>>>stage Data Ingestion Stage started <<<<<<]
[2026-01-15 22:00:09,170: INFO: common: yaml file: config/config.yaml loaded successfully]
[2026-01-15 22:00:09,172: INFO: common: yaml file: params.yaml loaded successfully]
[2026-01-15 22:00:09,177: INFO: common: yaml file: schema.yaml loaded successfully]
[2026-01-15 22:00:09,178: INFO: common: created directory at: artifacts]
[2026-01-15 22:00:09,178: INFO: common: created directory at: artifacts/data_ingestion]
[2026-01-15 22:00:09,178: INFO: data_ingestion: File already exists]
[2026-01-15 22:00:09,226: INFO: main: >>>>>stage Data Ingestion Stage completed <<<<<<

x==========x]
[2026-01-15 22:00:09,226: INFO: main: >>>>>stage Data Validation Stage started <<<<<<]
[2026-01-15 22:00:09,244: INFO: common: yaml file: config/config.yaml loaded successfully]
[2026-01-15 22:00:09,251: INFO: common: yaml file: params.yaml loaded successfully]
[2026-01-15 22:00:09,261: INFO: common: yaml file: schema.yaml loaded successfully]
[2026-01-15 22:00:09,263: INFO: common: created directory at: artifacts]
[2026-01-15 22:00:09,265: INFO: common: created directory at: artifacts/data_validation]
[2026-01-15 22:00:09,309: INFO: main: >>>>>stage Data Validation Stage completed <<<<<<

x==========x]
[2026-01-15 22:00:09,311: INFO: main: >>>>>stage Data Transformation Stage started <<<<<<]
[2026-01-15 22:00:09,328: INFO: common: yaml file: config/config.yaml loaded successfully]
[2026-01-15 22:00:09,335: INFO: common: yaml file: params.yaml loaded successfully]
[2026-01-15 22:00:09,341: INFO: common: yaml file: schema.yaml loaded successfully]
[2026-01-15 22:00:09,344: INFO: common: created directory at: artifacts]
[2026-01-15 22:00:09,345: INFO: common: created directory at: artifacts/data_transformation]
[2026-01-15 22:00:09,436: INFO: data_transformation: Splited data into training and test sets]
[2026-01-15 22:00:09,436: INFO: data_transformation: (1199, 12)]
[2026-01-15 22:00:09,437: INFO: data_transformation: (400, 12)]
[2026-01-15 22:00:09,438: INFO: main: >>>>>stage Data Transformation Stage completed <<<<<<

x==========x]
[2026-01-15 22:00:09,438: INFO: main: >>>>>stage Model Trainer Stage started <<<<<<]
[2026-01-15 22:00:09,444: INFO: common: yaml file: config/config.yaml loaded successfully]
[2026-01-15 22:00:09,446: INFO: common: yaml file: params.yaml loaded successfully]
[2026-01-15 22:00:09,451: INFO: common: yaml file: schema.yaml loaded successfully]
[2026-01-15 22:00:09,452: INFO: common: created directory at: artifacts]
[2026-01-15 22:00:09,452: INFO: common: created directory at: artifacts/model_trainer]
[2026-01-15 22:00:09,513: INFO: main: >>>>>stage Model Trainer Stage completed <<<<<<

x==========x]
[2026-01-15 22:00:09,513: INFO: main: >>>>>stage Model Evaluation Stage started <<<<<<]
[2026-01-15 22:00:09,519: INFO: common: yaml file: config/config.yaml loaded successfully]
[2026-01-15 22:00:09,521: INFO: common: yaml file: params.yaml loaded successfully]
[2026-01-15 22:00:09,525: INFO: common: yaml file: schema.yaml loaded successfully]
[2026-01-15 22:00:09,526: INFO: common: created directory at: artifacts]
[2026-01-15 22:00:09,527: INFO: common: created directory at: artifacts/model_evaluation]
[2026-01-15 22:00:10,407: INFO: common: json file saved at: artifacts/model_evaluation/metric.json]
[2026-01-15 22:00:26,381: INFO: main: >>>>>stage Model Evaluation Stage completed <<<<<<

x==========x]
